2023-10-02 16:38:28,634 - FIAT_logger - log - DEBUG - Writing log messages to new file C:\Repositories\DT-flood\FloodAdapt_database\Humber\static\templates\fiat\hydromt.log.
2023-10-02 16:38:28,636 - FIAT_logger - model_api - INFO - Initializing fiat model from hydromt_fiat (v0.2.1.dev0).
2023-10-02 16:38:35,358 - FIAT_logger - model_api - INFO - setup_basemaps.region: {'geom':                                             geometry
0  POLYGON ((-1.05682 53.82248, -1.05682 53.45678...}
2023-10-02 16:38:35,362 - FIAT_logger - basin_mask - DEBUG - Parsed region (kind=geom): {'geom': 'GeoDataFrame [-1.05681688 53.45678163  0.17432842 53.82248393] (crs = epsg:4326)'}
2023-10-02 16:38:35,365 - FIAT_logger - model_api - INFO - setup_output.output_dir: output
2023-10-02 16:38:35,367 - FIAT_logger - model_api - INFO - setup_output.output_csv_name: output.csv
2023-10-02 16:38:35,368 - FIAT_logger - model_api - INFO - setup_output.output_vector_name: spatial.gpkg
2023-10-02 16:38:35,370 - FIAT_logger - model_api - ERROR - Default config file not found at c:\Repositories\DT-flood\Notebooks\data\fiat\settings.toml
2023-10-02 16:38:35,371 - FIAT_logger - model_api - INFO - setup_vulnerability.vulnerability_fn: jrc_vulnerability_curves
2023-10-02 16:38:35,373 - FIAT_logger - model_api - INFO - setup_vulnerability.vulnerability_identifiers_and_linking_fn: jrc_vulnerability_curves_linking
2023-10-02 16:38:35,374 - FIAT_logger - model_api - INFO - setup_vulnerability.unit: meters
2023-10-02 16:38:35,375 - FIAT_logger - model_api - INFO - setup_vulnerability.functions_mean: default
2023-10-02 16:38:35,377 - FIAT_logger - model_api - INFO - setup_vulnerability.functions_max: None
2023-10-02 16:38:35,377 - FIAT_logger - model_api - INFO - setup_vulnerability.step_size: None
2023-10-02 16:38:35,378 - FIAT_logger - model_api - INFO - setup_vulnerability.continent: Europe
2023-10-02 16:38:35,379 - FIAT_logger - data_catalog - INFO - DataCatalog: Getting jrc_vulnerability_curves DataFrame csv data from C:\Repositories\DT-flood\Data\damage_functions\flooding\JRC_damage_functions.csv
2023-10-02 16:38:35,385 - FIAT_logger - dataframe - INFO - DataFrame: Read csv data.
2023-10-02 16:38:35,412 - FIAT_logger - data_catalog - INFO - DataCatalog: Getting jrc_vulnerability_curves_linking DataFrame csv data from C:\Repositories\DT-flood\Data\damage_functions\flooding\JRC_damage_functions_linking.csv
2023-10-02 16:38:35,414 - FIAT_logger - dataframe - INFO - DataFrame: Read csv data.
2023-10-02 16:38:35,431 - FIAT_logger - model_api - INFO - setup_exposure_vector.asset_locations: OSM
2023-10-02 16:38:35,432 - FIAT_logger - model_api - INFO - setup_exposure_vector.occupancy_type: OSM
2023-10-02 16:38:35,433 - FIAT_logger - model_api - INFO - setup_exposure_vector.max_potential_damage: jrc_damage_values
2023-10-02 16:38:35,434 - FIAT_logger - model_api - INFO - setup_exposure_vector.ground_floor_height: 0
2023-10-02 16:38:35,435 - FIAT_logger - model_api - INFO - setup_exposure_vector.unit: meters
2023-10-02 16:38:35,436 - FIAT_logger - model_api - INFO - setup_exposure_vector.occupancy_type_field: None
2023-10-02 16:38:35,437 - FIAT_logger - model_api - INFO - setup_exposure_vector.extraction_method: centroid
2023-10-02 16:38:35,438 - FIAT_logger - model_api - INFO - setup_exposure_vector.damage_types: ['structure', 'content']
2023-10-02 16:38:35,439 - FIAT_logger - model_api - INFO - setup_exposure_vector.country: United Kingdom
2023-10-02 16:38:35,440 - FIAT_logger - exposure_vector - INFO - Setting up exposure data from multiple sources...
2023-10-02 16:38:35,441 - FIAT_logger - exposure_vector - INFO - Setting up asset locations...
2023-10-02 16:39:06,539 - FIAT_logger - exposure_vector - INFO - Setting exposure geometries...
2023-10-02 16:39:06,541 - FIAT_logger - exposure_vector - INFO - Setting up occupancy type from OSM...
2023-10-02 16:39:14,369 - FIAT_logger - exposure_vector - INFO - The following unique landuse types are found in the OSM data: ['residential', 'industrial', 'grass', 'forest', 'military', 'recreation_ground', 'allotments', 'brownfield', 'cemetery', 'commercial', 'retail', 'meadow', 'farmyard', 'farmland', 'landfill', 'railway', 'quarry', 'construction', 'religious', 'conservation', 'churchyard', 'garages', 'depot', 'plant_nursery', 'village_green', 'orchard', 'greenhouse', 'field', 'highway', 'stream', 'vineyard', 'green', 'flowerbed', 'greenhouse_horticulture', 'street', 'greenfield', 'parking', 'animal_keeping']
2023-10-02 16:39:15,922 - FIAT_logger - exposure_vector - WARNING - 7581 objects do not have a Primary Object Type and will be removed from the exposure data.
2023-10-02 16:39:15,956 - FIAT_logger - exposure_vector - WARNING - 5495 objects were not overlapping with the land use data and will be removed from the exposure data.
2023-10-02 16:39:16,015 - FIAT_logger - data_catalog - INFO - DataCatalog: Getting jrc_damage_values DataFrame csv data from C:\Repositories\DT-flood\Data\max_potential_damages\JRC_base_damage_values.csv
2023-10-02 16:39:16,018 - FIAT_logger - dataframe - INFO - DataFrame: Read csv data.
