2024-08-29 13:59:28,723 - hydromt_sfincs.sfincs - model_api - WARNING - Replacing geom: region
2024-08-29 13:59:28,754 - hydromt_sfincs.sfincs - model_api - WARNING - Replacing geom: region
2024-08-29 14:00:06,012 - hydromt_sfincs.sfincs - sfincs - WARNING - zsini not in states, skipping
2024-08-29 14:00:08,775 - hydromt_sfincs.sfincs - sfincs - WARNING - depfile not found at /home/wotromp/InterTwin/FloodAdapt_database/Humber/static/templates/overland/sfincs.dep
2024-08-29 14:00:55,848 - hydromt_sfincs.sfincs - model_api - INFO - Initializing sfincs model from hydromt_sfincs (v1.0.3).
2024-08-29 14:00:55,858 - hydromt_sfincs.sfincs - sfincs - WARNING - depfile not found at /tmp/3xe6oium/Humber/static/templates/overland/sfincs.dep
2024-08-29 14:00:57,713 - hydromt_sfincs.sfincs - sfincs - INFO - Model read
2024-08-29 14:02:59,585 - hydromt_sfincs.sfincs - model_api - INFO - Initializing sfincs model from hydromt_sfincs (v1.0.3).
2024-08-29 14:02:59,603 - hydromt_sfincs.sfincs - sfincs - WARNING - depfile not found at /tmp/j8y43qlw/Humber/static/templates/overland/sfincs.dep
2024-08-29 14:03:02,193 - hydromt_sfincs.sfincs - sfincs - INFO - Model read
2024-08-29 14:09:50,095 - hydromt_sfincs.sfincs - model_api - INFO - Initializing sfincs model from hydromt_sfincs (v1.0.3).
2024-08-29 14:09:50,118 - hydromt_sfincs.sfincs - sfincs - WARNING - depfile not found at /tmp/5_q0iyy7/Humber/static/templates/overland/sfincs.dep
2024-08-29 14:09:52,572 - hydromt_sfincs.sfincs - sfincs - INFO - Model read
2024-08-29 14:31:22,642 - hydromt_sfincs.sfincs - model_api - INFO - Initializing sfincs model from hydromt_sfincs (v1.0.3).
2024-08-29 14:31:22,658 - hydromt_sfincs.sfincs - sfincs - WARNING - depfile not found at /home/wotromp/InterTwin/FloodAdapt_database/Humber/static/templates/overland/sfincs.dep
2024-08-29 14:31:24,091 - hydromt_sfincs.sfincs - sfincs - INFO - Model read
2024-08-29 14:47:04,073 - hydromt_sfincs.sfincs - model_api - INFO - Initializing sfincs model from hydromt_sfincs (v1.0.3).
2024-08-29 14:47:04,078 - hydromt_sfincs.sfincs - sfincs - WARNING - depfile not found at /tmp/ey_6h8al/Humber/static/templates/overland/sfincs.dep
2024-08-29 14:47:06,077 - hydromt_sfincs.sfincs - sfincs - INFO - Model read
2024-08-29 15:08:27,768 - hydromt_sfincs.sfincs - model_api - INFO - Initializing sfincs model from hydromt_sfincs (v1.0.3).
2024-08-29 15:08:27,789 - hydromt_sfincs.sfincs - sfincs - WARNING - depfile not found at /tmp/az_jt86w/Humber/static/templates/overland/sfincs.dep
2024-08-29 15:08:29,721 - hydromt_sfincs.sfincs - sfincs - INFO - Model read
2024-08-29 15:29:36,360 - hydromt_sfincs.sfincs - model_api - INFO - Initializing sfincs model from hydromt_sfincs (v1.0.3).
2024-08-29 15:29:36,373 - hydromt_sfincs.sfincs - sfincs - WARNING - depfile not found at /tmp/yjw59v1a/Humber/static/templates/overland/sfincs.dep
2024-08-29 15:29:38,557 - hydromt_sfincs.sfincs - sfincs - INFO - Model read
2024-08-29 16:06:13,998 - hydromt_sfincs.sfincs - model_api - INFO - Initializing sfincs model from hydromt_sfincs (v1.0.3).
2024-08-29 16:06:14,014 - hydromt_sfincs.sfincs - sfincs - WARNING - depfile not found at /tmp/mqnb2mac/Humber/static/templates/overland/sfincs.dep
2024-08-29 16:06:16,462 - hydromt_sfincs.sfincs - sfincs - INFO - Model read
2024-08-29 16:22:38,195 - hydromt_sfincs.sfincs - model_api - INFO - Initializing sfincs model from hydromt_sfincs (v1.0.3).
2024-08-29 16:22:38,209 - hydromt_sfincs.sfincs - sfincs - WARNING - depfile not found at /tmp/zaidcp_j/Humber/static/templates/overland/sfincs.dep
2024-08-29 16:22:39,801 - hydromt_sfincs.sfincs - sfincs - INFO - Model read
2024-08-29 16:53:30,032 - hydromt_sfincs.sfincs - model_api - INFO - Initializing sfincs model from hydromt_sfincs (v1.0.3).
2024-08-29 16:53:30,045 - hydromt_sfincs.sfincs - sfincs - WARNING - depfile not found at /tmp/pxwc9kzc/Humber/static/templates/overland/sfincs.dep
2024-08-29 16:53:31,818 - hydromt_sfincs.sfincs - sfincs - INFO - Model read
2024-09-02 11:08:52,334 - hydromt_sfincs.sfincs - model_api - INFO - Initializing sfincs model from hydromt_sfincs (v1.0.3).
2024-09-02 11:08:52,385 - hydromt_sfincs.sfincs - sfincs - WARNING - depfile not found at /tmp/lacbdblw/Humber/static/templates/overland/sfincs.dep
2024-09-02 11:08:54,874 - hydromt_sfincs.sfincs - sfincs - INFO - Model read
2024-09-02 11:22:04,707 - hydromt_sfincs.sfincs - model_api - INFO - Initializing sfincs model from hydromt_sfincs (v1.0.3).
2024-09-02 11:22:04,712 - hydromt_sfincs.sfincs - sfincs - WARNING - depfile not found at /tmp/f0sy0qfq/Humber/static/templates/overland/sfincs.dep
2024-09-02 11:22:06,546 - hydromt_sfincs.sfincs - sfincs - INFO - Model read
2024-09-02 11:37:40,084 - hydromt_sfincs.sfincs - model_api - INFO - Initializing sfincs model from hydromt_sfincs (v1.0.3).
2024-09-02 11:37:40,091 - hydromt_sfincs.sfincs - sfincs - WARNING - depfile not found at /tmp/lt3lt_mj/Humber/static/templates/overland/sfincs.dep
2024-09-02 11:37:42,318 - hydromt_sfincs.sfincs - sfincs - INFO - Model read
2024-09-02 11:54:07,846 - hydromt_sfincs.sfincs - model_api - INFO - Initializing sfincs model from hydromt_sfincs (v1.0.3).
2024-09-02 11:54:07,855 - hydromt_sfincs.sfincs - sfincs - WARNING - depfile not found at /tmp/24jeb_q3/Humber/static/templates/overland/sfincs.dep
2024-09-02 11:54:10,237 - hydromt_sfincs.sfincs - sfincs - INFO - Model read
2024-09-02 12:19:57,771 - hydromt_sfincs.sfincs - model_api - INFO - Initializing sfincs model from hydromt_sfincs (v1.0.3).
2024-09-02 12:19:57,777 - hydromt_sfincs.sfincs - sfincs - WARNING - depfile not found at /tmp/p2_mu08j/Humber/static/templates/overland/sfincs.dep
2024-09-02 12:19:59,339 - hydromt_sfincs.sfincs - sfincs - INFO - Model read
2024-09-02 12:20:05,160 - hydromt_sfincs.sfincs - model_api - INFO - Initializing sfincs model from hydromt_sfincs (v1.0.3).
2024-09-02 12:20:05,167 - hydromt_sfincs.sfincs - sfincs - WARNING - depfile not found at /tmp/jsszev34/Humber/static/templates/overland/sfincs.dep
2024-09-02 12:20:07,273 - hydromt_sfincs.sfincs - sfincs - INFO - Model read
2024-09-02 12:20:45,627 - hydromt_sfincs.sfincs - model_api - INFO - Initializing sfincs model from hydromt_sfincs (v1.0.3).
2024-09-02 12:20:45,639 - hydromt_sfincs.sfincs - sfincs - WARNING - depfile not found at /tmp/1nazzfq9/Humber/static/templates/overland/sfincs.dep
2024-09-02 12:20:47,433 - hydromt_sfincs.sfincs - sfincs - INFO - Model read
2024-09-02 12:24:44,505 - hydromt_sfincs.sfincs - model_api - INFO - Initializing sfincs model from hydromt_sfincs (v1.0.3).
2024-09-02 12:24:44,512 - hydromt_sfincs.sfincs - sfincs - WARNING - depfile not found at /tmp/94zzluek/Humber/static/templates/overland/sfincs.dep
2024-09-02 12:24:46,243 - hydromt_sfincs.sfincs - sfincs - INFO - Model read
2024-09-02 12:24:51,617 - hydromt_sfincs.sfincs - model_api - INFO - Initializing sfincs model from hydromt_sfincs (v1.0.3).
2024-09-02 12:24:51,625 - hydromt_sfincs.sfincs - sfincs - WARNING - depfile not found at /tmp/9pjdjrkc/Humber/static/templates/overland/sfincs.dep
2024-09-02 12:24:53,354 - hydromt_sfincs.sfincs - sfincs - INFO - Model read
2024-09-02 12:25:55,389 - hydromt_sfincs.sfincs - model_api - INFO - Initializing sfincs model from hydromt_sfincs (v1.0.3).
2024-09-02 12:25:55,397 - hydromt_sfincs.sfincs - sfincs - WARNING - depfile not found at /tmp/mw1n30xn/Humber/static/templates/overland/sfincs.dep
2024-09-02 12:25:57,086 - hydromt_sfincs.sfincs - sfincs - INFO - Model read
2024-09-02 12:26:01,857 - hydromt_sfincs.sfincs - model_api - INFO - Initializing sfincs model from hydromt_sfincs (v1.0.3).
2024-09-02 12:26:01,861 - hydromt_sfincs.sfincs - sfincs - WARNING - depfile not found at /tmp/e8ukwatg/Humber/static/templates/overland/sfincs.dep
2024-09-02 12:26:03,810 - hydromt_sfincs.sfincs - sfincs - INFO - Model read
2024-09-02 12:26:27,890 - hydromt_sfincs.sfincs - model_api - INFO - Initializing sfincs model from hydromt_sfincs (v1.0.3).
2024-09-02 12:26:27,895 - hydromt_sfincs.sfincs - sfincs - WARNING - depfile not found at /tmp/7vbq4chx/Humber/static/templates/overland/sfincs.dep
2024-09-02 12:26:29,512 - hydromt_sfincs.sfincs - sfincs - INFO - Model read
2024-09-02 13:05:43,716 - hydromt_sfincs.sfincs - model_api - INFO - Initializing sfincs model from hydromt_sfincs (v1.0.3).
2024-09-02 13:05:44,172 - hydromt_sfincs.sfincs - sfincs - WARNING - depfile not found at /home/wotromp/InterTwin/FloodAdapt_database/Humber/static/templates/overland/sfincs.dep
2024-09-02 13:05:56,105 - hydromt_sfincs.sfincs - sfincs - INFO - Model read
2024-09-02 13:10:18,673 - hydromt_sfincs.sfincs - model_api - INFO - Initializing sfincs model from hydromt_sfincs (v1.0.3).
2024-09-02 13:10:18,702 - hydromt_sfincs.sfincs - sfincs - WARNING - depfile not found at /tmp/hug1d28e/Humber/static/templates/overland/sfincs.dep
2024-09-02 13:10:21,057 - hydromt_sfincs.sfincs - sfincs - INFO - Model read
2024-09-02 13:10:26,175 - hydromt_sfincs.sfincs - model_api - INFO - Initializing sfincs model from hydromt_sfincs (v1.0.3).
2024-09-02 13:10:26,180 - hydromt_sfincs.sfincs - sfincs - WARNING - depfile not found at /tmp/fryni9ie/Humber/static/templates/overland/sfincs.dep
2024-09-02 13:10:27,629 - hydromt_sfincs.sfincs - sfincs - INFO - Model read
2024-09-02 13:11:07,239 - hydromt_sfincs.sfincs - model_api - INFO - Initializing sfincs model from hydromt_sfincs (v1.0.3).
2024-09-02 13:11:07,254 - hydromt_sfincs.sfincs - sfincs - WARNING - depfile not found at /tmp/mqk0wk_5/Humber/static/templates/overland/sfincs.dep
2024-09-02 13:11:08,956 - hydromt_sfincs.sfincs - sfincs - INFO - Model read
2024-09-02 13:17:40,256 - hydromt_sfincs.sfincs - model_api - INFO - Initializing sfincs model from hydromt_sfincs (v1.0.3).
2024-09-02 13:17:40,263 - hydromt_sfincs.sfincs - sfincs - WARNING - depfile not found at /home/wotromp/InterTwin/FloodAdapt_database/Humber/static/templates/overland/sfincs.dep
2024-09-02 13:17:41,677 - hydromt_sfincs.sfincs - sfincs - INFO - Model read
2024-09-02 13:37:49,694 - hydromt_sfincs.sfincs - model_api - INFO - Initializing sfincs model from hydromt_sfincs (v1.0.3).
2024-09-02 13:37:49,700 - hydromt_sfincs.sfincs - sfincs - WARNING - depfile not found at /tmp/y6wzk8bg/Humber/static/templates/overland/sfincs.dep
2024-09-02 13:37:51,855 - hydromt_sfincs.sfincs - sfincs - INFO - Model read
2024-09-02 13:37:56,924 - hydromt_sfincs.sfincs - model_api - INFO - Initializing sfincs model from hydromt_sfincs (v1.0.3).
2024-09-02 13:37:56,930 - hydromt_sfincs.sfincs - sfincs - WARNING - depfile not found at /tmp/zgnhwfng/Humber/static/templates/overland/sfincs.dep
2024-09-02 13:37:58,464 - hydromt_sfincs.sfincs - sfincs - INFO - Model read
2024-09-02 13:38:38,696 - hydromt_sfincs.sfincs - model_api - INFO - Initializing sfincs model from hydromt_sfincs (v1.0.3).
2024-09-02 13:38:38,706 - hydromt_sfincs.sfincs - sfincs - WARNING - depfile not found at /tmp/xg7uum1t/Humber/static/templates/overland/sfincs.dep
2024-09-02 13:38:40,984 - hydromt_sfincs.sfincs - sfincs - INFO - Model read
2024-09-02 13:41:08,079 - hydromt_sfincs.sfincs - model_api - INFO - Initializing sfincs model from hydromt_sfincs (v1.0.3).
2024-09-02 13:41:08,086 - hydromt_sfincs.sfincs - sfincs - WARNING - depfile not found at /tmp/e_gelvi6/Humber/static/templates/overland/sfincs.dep
2024-09-02 13:41:09,884 - hydromt_sfincs.sfincs - sfincs - INFO - Model read
2024-09-02 13:41:15,355 - hydromt_sfincs.sfincs - model_api - INFO - Initializing sfincs model from hydromt_sfincs (v1.0.3).
2024-09-02 13:41:15,360 - hydromt_sfincs.sfincs - sfincs - WARNING - depfile not found at /tmp/1smeujjt/Humber/static/templates/overland/sfincs.dep
2024-09-02 13:41:16,746 - hydromt_sfincs.sfincs - sfincs - INFO - Model read
2024-09-02 13:41:45,315 - hydromt_sfincs.sfincs - model_api - INFO - Initializing sfincs model from hydromt_sfincs (v1.0.3).
2024-09-02 13:41:45,326 - hydromt_sfincs.sfincs - sfincs - WARNING - depfile not found at /tmp/5ob6i_im/Humber/static/templates/overland/sfincs.dep
2024-09-02 13:41:47,065 - hydromt_sfincs.sfincs - sfincs - INFO - Model read
2024-09-02 13:45:26,064 - hydromt_sfincs.sfincs - model_api - INFO - Initializing sfincs model from hydromt_sfincs (v1.0.3).
2024-09-02 13:45:26,071 - hydromt_sfincs.sfincs - sfincs - WARNING - depfile not found at /tmp/dqqgy4gv/Humber/static/templates/overland/sfincs.dep
2024-09-02 13:45:28,144 - hydromt_sfincs.sfincs - sfincs - INFO - Model read
2024-09-02 13:49:49,625 - hydromt_sfincs.sfincs - model_api - INFO - Initializing sfincs model from hydromt_sfincs (v1.0.3).
2024-09-02 13:49:49,637 - hydromt_sfincs.sfincs - sfincs - WARNING - depfile not found at /tmp/ol3d1ijj/Humber/static/templates/overland/sfincs.dep
2024-09-02 13:49:51,580 - hydromt_sfincs.sfincs - sfincs - INFO - Model read
2024-09-02 13:50:39,291 - hydromt_sfincs.sfincs - model_api - INFO - Initializing sfincs model from hydromt_sfincs (v1.0.3).
2024-09-02 13:50:39,297 - hydromt_sfincs.sfincs - sfincs - WARNING - depfile not found at /tmp/jseda80e/Humber/static/templates/overland/sfincs.dep
2024-09-02 13:50:41,223 - hydromt_sfincs.sfincs - sfincs - INFO - Model read
2024-09-02 14:03:55,676 - hydromt_sfincs.sfincs - model_api - INFO - Initializing sfincs model from hydromt_sfincs (v1.0.3).
2024-09-02 14:03:55,698 - hydromt_sfincs.sfincs - sfincs - WARNING - depfile not found at /tmp/2t4bhzbf/Humber/static/templates/overland/sfincs.dep
2024-09-02 14:03:57,888 - hydromt_sfincs.sfincs - sfincs - INFO - Model read
2024-09-02 14:25:58,170 - hydromt_sfincs.sfincs - model_api - INFO - Initializing sfincs model from hydromt_sfincs (v1.0.3).
2024-09-02 14:25:58,235 - hydromt_sfincs.sfincs - sfincs - WARNING - depfile not found at /tmp/ugjbjayi/Humber/static/templates/overland/sfincs.dep
2024-09-02 14:26:00,402 - hydromt_sfincs.sfincs - sfincs - INFO - Model read
2024-09-02 14:56:48,519 - hydromt_sfincs.sfincs - model_api - INFO - Initializing sfincs model from hydromt_sfincs (v1.0.3).
2024-09-02 14:56:48,529 - hydromt_sfincs.sfincs - sfincs - WARNING - depfile not found at /tmp/bs82cuy7/Humber/static/templates/overland/sfincs.dep
2024-09-02 14:56:50,204 - hydromt_sfincs.sfincs - sfincs - INFO - Model read
2024-09-02 15:08:32,457 - hydromt_sfincs.sfincs - model_api - INFO - Initializing sfincs model from hydromt_sfincs (v1.0.3).
2024-09-02 15:08:32,471 - hydromt_sfincs.sfincs - sfincs - WARNING - depfile not found at /tmp/x2tg2os4/Humber/static/templates/overland/sfincs.dep
2024-09-02 15:08:34,693 - hydromt_sfincs.sfincs - sfincs - INFO - Model read
2024-09-02 15:21:13,569 - hydromt_sfincs.sfincs - model_api - INFO - Initializing sfincs model from hydromt_sfincs (v1.0.3).
2024-09-02 15:21:13,581 - hydromt_sfincs.sfincs - sfincs - WARNING - depfile not found at /tmp/zdrb1b2_/Humber/static/templates/overland/sfincs.dep
2024-09-02 15:21:15,643 - hydromt_sfincs.sfincs - sfincs - INFO - Model read
2024-09-02 15:39:51,501 - hydromt_sfincs.sfincs - model_api - INFO - Initializing sfincs model from hydromt_sfincs (v1.0.3).
2024-09-02 15:39:51,517 - hydromt_sfincs.sfincs - sfincs - WARNING - depfile not found at /tmp/etg3eg35/Humber/static/templates/overland/sfincs.dep
2024-09-02 15:39:53,207 - hydromt_sfincs.sfincs - sfincs - INFO - Model read
2024-09-02 15:46:42,876 - hydromt_sfincs.sfincs - model_api - INFO - Initializing sfincs model from hydromt_sfincs (v1.0.3).
2024-09-02 15:46:42,888 - hydromt_sfincs.sfincs - sfincs - WARNING - depfile not found at /tmp/kl8nhq4e/Humber/static/templates/overland/sfincs.dep
2024-09-02 15:46:44,923 - hydromt_sfincs.sfincs - sfincs - INFO - Model read
2024-09-02 15:48:14,491 - hydromt_sfincs.sfincs - model_api - INFO - Initializing sfincs model from hydromt_sfincs (v1.0.3).
2024-09-02 15:48:14,506 - hydromt_sfincs.sfincs - sfincs - WARNING - depfile not found at /tmp/5jlc2a8r/Humber/static/templates/overland/sfincs.dep
2024-09-02 15:48:16,254 - hydromt_sfincs.sfincs - sfincs - INFO - Model read
2024-09-02 15:54:30,899 - hydromt_sfincs.sfincs - model_api - INFO - Initializing sfincs model from hydromt_sfincs (v1.0.3).
2024-09-02 15:54:30,918 - hydromt_sfincs.sfincs - sfincs - WARNING - depfile not found at /tmp/a3y8y8ba/Humber/static/templates/overland/sfincs.dep
2024-09-02 15:54:34,044 - hydromt_sfincs.sfincs - sfincs - INFO - Model read
2024-09-02 15:58:44,244 - hydromt_sfincs.sfincs - model_api - INFO - Initializing sfincs model from hydromt_sfincs (v1.0.3).
2024-09-02 15:58:44,261 - hydromt_sfincs.sfincs - sfincs - WARNING - depfile not found at /tmp/3tl1yz89/Humber/static/templates/overland/sfincs.dep
2024-09-02 15:58:46,005 - hydromt_sfincs.sfincs - sfincs - INFO - Model read
2024-09-02 16:24:44,684 - hydromt_sfincs.sfincs - model_api - INFO - Initializing sfincs model from hydromt_sfincs (v1.0.3).
2024-09-02 16:24:44,693 - hydromt_sfincs.sfincs - sfincs - WARNING - depfile not found at /tmp/6kts102n/Humber/static/templates/overland/sfincs.dep
2024-09-02 16:24:46,048 - hydromt_sfincs.sfincs - sfincs - INFO - Model read
2024-09-02 16:25:49,211 - hydromt_sfincs.sfincs - model_api - INFO - Initializing sfincs model from hydromt_sfincs (v1.0.3).
2024-09-02 16:25:49,218 - hydromt_sfincs.sfincs - sfincs - WARNING - depfile not found at /tmp/yhjtuoch/Humber/static/templates/overland/sfincs.dep
2024-09-02 16:25:51,664 - hydromt_sfincs.sfincs - sfincs - INFO - Model read
2024-09-02 16:45:59,263 - hydromt_sfincs.sfincs - model_api - INFO - Initializing sfincs model from hydromt_sfincs (v1.0.3).
2024-09-02 16:45:59,274 - hydromt_sfincs.sfincs - sfincs - WARNING - depfile not found at /tmp/7bj3vzss/Humber/static/templates/overland/sfincs.dep
2024-09-02 16:46:01,226 - hydromt_sfincs.sfincs - sfincs - INFO - Model read
2024-09-02 17:05:22,053 - hydromt_sfincs.sfincs - model_api - INFO - Initializing sfincs model from hydromt_sfincs (v1.0.3).
2024-09-02 17:05:22,066 - hydromt_sfincs.sfincs - sfincs - WARNING - depfile not found at /tmp/9w8kradd/Humber/static/templates/overland/sfincs.dep
2024-09-02 17:05:23,773 - hydromt_sfincs.sfincs - sfincs - INFO - Model read
2024-09-02 17:18:13,746 - hydromt_sfincs.sfincs - model_api - INFO - Initializing sfincs model from hydromt_sfincs (v1.0.3).
2024-09-02 17:18:13,762 - hydromt_sfincs.sfincs - sfincs - WARNING - depfile not found at /tmp/5cqokc9f/Humber/static/templates/overland/sfincs.dep
2024-09-02 17:18:16,041 - hydromt_sfincs.sfincs - sfincs - INFO - Model read
2024-09-02 17:38:06,363 - hydromt_sfincs.sfincs - model_api - INFO - Initializing sfincs model from hydromt_sfincs (v1.0.3).
2024-09-02 17:38:06,374 - hydromt_sfincs.sfincs - sfincs - WARNING - depfile not found at /tmp/kh368g24/Humber/static/templates/overland/sfincs.dep
2024-09-02 17:38:08,437 - hydromt_sfincs.sfincs - sfincs - INFO - Model read
2024-09-02 17:38:17,285 - hydromt_sfincs.sfincs - model_api - INFO - Initializing sfincs model from hydromt_sfincs (v1.0.3).
2024-09-02 17:38:17,289 - hydromt_sfincs.sfincs - sfincs - WARNING - depfile not found at /tmp/j3ox7kx0/Humber/static/templates/overland/sfincs.dep
2024-09-02 17:38:18,931 - hydromt_sfincs.sfincs - sfincs - INFO - Model read
2024-09-02 17:38:58,417 - hydromt_sfincs.sfincs - model_api - INFO - Initializing sfincs model from hydromt_sfincs (v1.0.3).
2024-09-02 17:38:58,425 - hydromt_sfincs.sfincs - sfincs - WARNING - depfile not found at /tmp/m7tzf5e1/Humber/static/templates/overland/sfincs.dep
2024-09-02 17:39:00,082 - hydromt_sfincs.sfincs - sfincs - INFO - Model read
2024-09-02 17:48:44,533 - hydromt_sfincs.sfincs - model_api - INFO - Initializing sfincs model from hydromt_sfincs (v1.0.3).
2024-09-02 17:48:44,538 - hydromt_sfincs.sfincs - sfincs - WARNING - depfile not found at /tmp/jlsh2zbh/Humber/static/templates/overland/sfincs.dep
2024-09-02 17:48:46,185 - hydromt_sfincs.sfincs - sfincs - INFO - Model read
2024-09-02 17:48:46,299 - hydromt_sfincs.sfincs - data_catalog - INFO - Parsing data catalog from /home/wotromp/InterTwin/Data/Humber/data_catalog.yml
2024-09-02 17:54:10,244 - hydromt_sfincs.sfincs - model_api - INFO - Initializing sfincs model from hydromt_sfincs (v1.0.3).
2024-09-02 17:54:10,252 - hydromt_sfincs.sfincs - sfincs - WARNING - depfile not found at /tmp/mb2i3984/Humber/static/templates/overland/sfincs.dep
2024-09-02 17:54:12,445 - hydromt_sfincs.sfincs - sfincs - INFO - Model read
2024-09-02 17:54:12,451 - hydromt_sfincs.sfincs - model_api - WARNING - Model dir already exists and files might be overwritten: /tmp/mb2i3984/Humber/output/scenarios/test_scenario/Flooding/simulations/overland/gis.
2024-09-02 17:54:21,764 - hydromt_sfincs.sfincs - model_api - INFO - Initializing sfincs model from hydromt_sfincs (v1.0.3).
2024-09-02 17:54:21,768 - hydromt_sfincs.sfincs - sfincs - WARNING - depfile not found at /tmp/cfdqslhe/Humber/static/templates/overland/sfincs.dep
2024-09-02 17:54:23,550 - hydromt_sfincs.sfincs - sfincs - INFO - Model read
2024-09-02 17:59:34,691 - hydromt_sfincs.sfincs - model_api - INFO - Initializing sfincs model from hydromt_sfincs (v1.0.3).
2024-09-02 17:59:34,698 - hydromt_sfincs.sfincs - sfincs - WARNING - depfile not found at /tmp/y4f831p3/Humber/static/templates/overland/sfincs.dep
2024-09-02 17:59:36,560 - hydromt_sfincs.sfincs - sfincs - INFO - Model read
2024-09-02 17:59:43,858 - hydromt_sfincs.sfincs - model_api - INFO - Initializing sfincs model from hydromt_sfincs (v1.0.3).
2024-09-02 17:59:43,863 - hydromt_sfincs.sfincs - sfincs - WARNING - depfile not found at /tmp/uspf2f7k/Humber/static/templates/overland/sfincs.dep
2024-09-02 17:59:45,345 - hydromt_sfincs.sfincs - sfincs - INFO - Model read
2024-09-02 18:00:16,508 - hydromt_sfincs.sfincs - model_api - INFO - Initializing sfincs model from hydromt_sfincs (v1.0.3).
2024-09-02 18:00:16,519 - hydromt_sfincs.sfincs - sfincs - WARNING - depfile not found at /tmp/px7i5ad6/Humber/static/templates/overland/sfincs.dep
2024-09-02 18:00:18,829 - hydromt_sfincs.sfincs - sfincs - INFO - Model read
2024-09-02 18:10:08,109 - hydromt_sfincs.sfincs - model_api - INFO - Initializing sfincs model from hydromt_sfincs (v1.0.3).
2024-09-02 18:10:08,114 - hydromt_sfincs.sfincs - sfincs - WARNING - depfile not found at /tmp/ocp_49c4/Humber/static/templates/overland/sfincs.dep
2024-09-02 18:10:09,909 - hydromt_sfincs.sfincs - sfincs - INFO - Model read
2024-09-02 18:10:10,208 - hydromt_sfincs.sfincs - data_catalog - INFO - Parsing data catalog from /home/wotromp/InterTwin/Data/Humber/data_catalog.yml
2024-09-02 18:15:36,414 - hydromt_sfincs.sfincs - model_api - INFO - Initializing sfincs model from hydromt_sfincs (v1.0.3).
2024-09-02 18:15:36,418 - hydromt_sfincs.sfincs - sfincs - WARNING - depfile not found at /tmp/n3xqznbj/Humber/static/templates/overland/sfincs.dep
2024-09-02 18:15:37,970 - hydromt_sfincs.sfincs - sfincs - INFO - Model read
2024-09-02 18:15:37,974 - hydromt_sfincs.sfincs - model_api - WARNING - Model dir already exists and files might be overwritten: /tmp/n3xqznbj/Humber/output/scenarios/test_scenario/Flooding/simulations/overland/gis.
2024-09-02 18:15:46,659 - hydromt_sfincs.sfincs - model_api - INFO - Initializing sfincs model from hydromt_sfincs (v1.0.3).
2024-09-02 18:15:46,665 - hydromt_sfincs.sfincs - sfincs - WARNING - depfile not found at /tmp/jwezh_a9/Humber/static/templates/overland/sfincs.dep
2024-09-02 18:15:48,367 - hydromt_sfincs.sfincs - sfincs - INFO - Model read
2024-09-02 18:16:09,672 - hydromt_sfincs.sfincs - model_api - INFO - Initializing sfincs model from hydromt_sfincs (v1.0.3).
2024-09-02 18:16:09,679 - hydromt_sfincs.sfincs - sfincs - WARNING - depfile not found at /tmp/abhztjjf/Humber/static/templates/overland/sfincs.dep
2024-09-02 18:16:11,076 - hydromt_sfincs.sfincs - sfincs - INFO - Model read
2024-09-03 10:40:33,644 - hydromt_sfincs.sfincs - model_api - INFO - Initializing sfincs model from hydromt_sfincs (v1.0.3).
2024-09-03 10:40:33,932 - hydromt_sfincs.sfincs - sfincs - WARNING - depfile not found at /tmp/zrh5twjs/Humber/static/templates/overland/sfincs.dep
2024-09-03 10:40:36,485 - hydromt_sfincs.sfincs - sfincs - INFO - Model read
2024-09-03 10:40:47,452 - hydromt_sfincs.sfincs - model_api - INFO - Initializing sfincs model from hydromt_sfincs (v1.0.3).
2024-09-03 10:40:47,457 - hydromt_sfincs.sfincs - sfincs - WARNING - depfile not found at /tmp/j0y4c9kg/Humber/static/templates/overland/sfincs.dep
2024-09-03 10:40:49,396 - hydromt_sfincs.sfincs - sfincs - INFO - Model read
2024-09-03 10:41:46,220 - hydromt_sfincs.sfincs - model_api - INFO - Initializing sfincs model from hydromt_sfincs (v1.0.3).
2024-09-03 10:41:46,230 - hydromt_sfincs.sfincs - sfincs - WARNING - depfile not found at /tmp/hjbkuv85/Humber/static/templates/overland/sfincs.dep
2024-09-03 10:41:48,231 - hydromt_sfincs.sfincs - sfincs - INFO - Model read
2024-09-03 10:51:42,607 - hydromt_sfincs.sfincs - model_api - INFO - Initializing sfincs model from hydromt_sfincs (v1.0.3).
2024-09-03 10:51:42,611 - hydromt_sfincs.sfincs - sfincs - WARNING - depfile not found at /tmp/_os6b5j0/Humber/static/templates/overland/sfincs.dep
2024-09-03 10:51:44,009 - hydromt_sfincs.sfincs - sfincs - INFO - Model read
2024-09-03 10:51:44,084 - hydromt_sfincs.sfincs - data_catalog - INFO - Parsing data catalog from /home/wotromp/InterTwin/Data/Humber/data_catalog.yml
2024-09-03 10:56:50,011 - hydromt_sfincs.sfincs - model_api - INFO - Initializing sfincs model from hydromt_sfincs (v1.0.3).
2024-09-03 10:56:50,016 - hydromt_sfincs.sfincs - sfincs - WARNING - depfile not found at /tmp/_umtvpth/Humber/static/templates/overland/sfincs.dep
2024-09-03 10:56:51,709 - hydromt_sfincs.sfincs - sfincs - INFO - Model read
2024-09-03 10:56:51,714 - hydromt_sfincs.sfincs - model_api - WARNING - Model dir already exists and files might be overwritten: /tmp/_umtvpth/Humber/output/scenarios/test_scenario/Flooding/simulations/overland/gis.
2024-09-03 10:57:00,175 - hydromt_sfincs.sfincs - model_api - INFO - Initializing sfincs model from hydromt_sfincs (v1.0.3).
2024-09-03 10:57:00,180 - hydromt_sfincs.sfincs - sfincs - WARNING - depfile not found at /tmp/iomf4g8m/Humber/static/templates/overland/sfincs.dep
2024-09-03 10:57:01,975 - hydromt_sfincs.sfincs - sfincs - INFO - Model read
2024-09-03 11:00:51,874 - hydromt_sfincs.sfincs - model_api - INFO - Initializing sfincs model from hydromt_sfincs (v1.0.3).
2024-09-03 11:00:51,883 - hydromt_sfincs.sfincs - sfincs - WARNING - depfile not found at /tmp/f_8ok_hr/Humber/static/templates/overland/sfincs.dep
2024-09-03 11:00:53,457 - hydromt_sfincs.sfincs - sfincs - INFO - Model read
2024-09-03 11:13:28,710 - hydromt_sfincs.sfincs - model_api - INFO - Initializing sfincs model from hydromt_sfincs (v1.0.3).
2024-09-03 11:13:28,734 - hydromt_sfincs.sfincs - sfincs - WARNING - depfile not found at /tmp/9886yxe0/Humber/static/templates/overland/sfincs.dep
2024-09-03 11:13:30,990 - hydromt_sfincs.sfincs - sfincs - INFO - Model read
2024-09-03 11:13:39,891 - hydromt_sfincs.sfincs - model_api - INFO - Initializing sfincs model from hydromt_sfincs (v1.0.3).
2024-09-03 11:13:39,895 - hydromt_sfincs.sfincs - sfincs - WARNING - depfile not found at /tmp/wjac857j/Humber/static/templates/overland/sfincs.dep
2024-09-03 11:13:41,555 - hydromt_sfincs.sfincs - sfincs - INFO - Model read
2024-09-03 11:14:13,498 - hydromt_sfincs.sfincs - model_api - INFO - Initializing sfincs model from hydromt_sfincs (v1.0.3).
2024-09-03 11:14:13,503 - hydromt_sfincs.sfincs - sfincs - WARNING - depfile not found at /tmp/c5z8w1s8/Humber/static/templates/overland/sfincs.dep
2024-09-03 11:14:14,909 - hydromt_sfincs.sfincs - sfincs - INFO - Model read
2024-09-03 11:24:13,729 - hydromt_sfincs.sfincs - model_api - INFO - Initializing sfincs model from hydromt_sfincs (v1.0.3).
2024-09-03 11:24:13,741 - hydromt_sfincs.sfincs - sfincs - WARNING - depfile not found at /tmp/ful9i8hj/Humber/static/templates/overland/sfincs.dep
2024-09-03 11:24:15,190 - hydromt_sfincs.sfincs - sfincs - INFO - Model read
2024-09-03 11:24:15,273 - hydromt_sfincs.sfincs - data_catalog - INFO - Parsing data catalog from /home/wotromp/InterTwin/Data/Humber/data_catalog.yml
2024-09-03 11:29:31,364 - hydromt_sfincs.sfincs - model_api - INFO - Initializing sfincs model from hydromt_sfincs (v1.0.3).
2024-09-03 11:29:31,371 - hydromt_sfincs.sfincs - sfincs - WARNING - depfile not found at /tmp/15gouy61/Humber/static/templates/overland/sfincs.dep
2024-09-03 11:29:33,496 - hydromt_sfincs.sfincs - sfincs - INFO - Model read
2024-09-03 11:29:33,501 - hydromt_sfincs.sfincs - model_api - WARNING - Model dir already exists and files might be overwritten: /tmp/15gouy61/Humber/output/scenarios/test_scenario/Flooding/simulations/overland/gis.
2024-09-03 11:29:42,087 - hydromt_sfincs.sfincs - model_api - INFO - Initializing sfincs model from hydromt_sfincs (v1.0.3).
2024-09-03 11:29:42,092 - hydromt_sfincs.sfincs - sfincs - WARNING - depfile not found at /tmp/ctr0rup8/Humber/static/templates/overland/sfincs.dep
2024-09-03 11:29:43,507 - hydromt_sfincs.sfincs - sfincs - INFO - Model read
2024-09-03 11:30:06,081 - hydromt_sfincs.sfincs - model_api - INFO - Initializing sfincs model from hydromt_sfincs (v1.0.3).
2024-09-03 11:30:06,095 - hydromt_sfincs.sfincs - sfincs - WARNING - depfile not found at /tmp/otr7c3oh/Humber/static/templates/overland/sfincs.dep
2024-09-03 11:30:09,724 - hydromt_sfincs.sfincs - sfincs - INFO - Model read
2024-09-03 11:33:35,319 - hydromt_sfincs.sfincs - model_api - INFO - Initializing sfincs model from hydromt_sfincs (v1.0.3).
2024-09-03 11:33:35,484 - hydromt_sfincs.sfincs - sfincs - WARNING - depfile not found at /home/wotromp/InterTwin/FloodAdapt_database/Humber/static/templates/overland/sfincs.dep
2024-09-03 11:33:39,269 - hydromt_sfincs.sfincs - sfincs - INFO - Model read
2024-09-03 13:49:12,026 - hydromt_sfincs.sfincs - model_api - INFO - Initializing sfincs model from hydromt_sfincs (v1.0.3).
2024-09-03 13:49:12,043 - hydromt_sfincs.sfincs - sfincs - WARNING - depfile not found at /tmp/by8dpvyo/Humber/static/templates/overland/sfincs.dep
2024-09-03 13:49:13,759 - hydromt_sfincs.sfincs - sfincs - INFO - Model read
2024-09-03 13:49:23,146 - hydromt_sfincs.sfincs - model_api - INFO - Initializing sfincs model from hydromt_sfincs (v1.0.3).
2024-09-03 13:49:23,155 - hydromt_sfincs.sfincs - sfincs - WARNING - depfile not found at /tmp/uopsv7e6/Humber/static/templates/overland/sfincs.dep
2024-09-03 13:49:24,580 - hydromt_sfincs.sfincs - sfincs - INFO - Model read
2024-09-03 13:50:29,763 - hydromt_sfincs.sfincs - model_api - INFO - Initializing sfincs model from hydromt_sfincs (v1.0.3).
2024-09-03 13:50:29,769 - hydromt_sfincs.sfincs - sfincs - WARNING - depfile not found at /tmp/w5wneaqm/Humber/static/templates/overland/sfincs.dep
2024-09-03 13:50:32,296 - hydromt_sfincs.sfincs - sfincs - INFO - Model read
2024-09-03 14:00:48,971 - hydromt_sfincs.sfincs - model_api - INFO - Initializing sfincs model from hydromt_sfincs (v1.0.3).
2024-09-03 14:00:48,976 - hydromt_sfincs.sfincs - sfincs - WARNING - depfile not found at /tmp/bvjsj1bq/Humber/static/templates/overland/sfincs.dep
2024-09-03 14:00:50,953 - hydromt_sfincs.sfincs - sfincs - INFO - Model read
2024-09-03 14:00:51,172 - hydromt_sfincs.sfincs - data_catalog - INFO - Parsing data catalog from /home/wotromp/InterTwin/Data/Humber/data_catalog.yml
2024-09-03 14:06:07,287 - hydromt_sfincs.sfincs - model_api - INFO - Initializing sfincs model from hydromt_sfincs (v1.0.3).
2024-09-03 14:06:07,292 - hydromt_sfincs.sfincs - sfincs - WARNING - depfile not found at /tmp/ym9bwbm9/Humber/static/templates/overland/sfincs.dep
2024-09-03 14:06:09,196 - hydromt_sfincs.sfincs - sfincs - INFO - Model read
2024-09-03 14:06:09,201 - hydromt_sfincs.sfincs - model_api - WARNING - Model dir already exists and files might be overwritten: /tmp/ym9bwbm9/Humber/output/scenarios/test_scenario/Flooding/simulations/overland/gis.
2024-09-03 14:06:17,577 - hydromt_sfincs.sfincs - model_api - INFO - Initializing sfincs model from hydromt_sfincs (v1.0.3).
2024-09-03 14:06:17,583 - hydromt_sfincs.sfincs - sfincs - WARNING - depfile not found at /tmp/2umfwxps/Humber/static/templates/overland/sfincs.dep
2024-09-03 14:06:18,982 - hydromt_sfincs.sfincs - sfincs - INFO - Model read
2024-09-03 14:06:39,750 - hydromt_sfincs.sfincs - model_api - INFO - Initializing sfincs model from hydromt_sfincs (v1.0.3).
2024-09-03 14:06:39,756 - hydromt_sfincs.sfincs - sfincs - WARNING - depfile not found at /tmp/1rhdjofg/Humber/static/templates/overland/sfincs.dep
2024-09-03 14:06:41,590 - hydromt_sfincs.sfincs - sfincs - INFO - Model read
2024-09-03 14:48:00,277 - hydromt_sfincs.sfincs - model_api - INFO - Initializing sfincs model from hydromt_sfincs (v1.0.3).
2024-09-03 14:48:00,304 - hydromt_sfincs.sfincs - sfincs - WARNING - depfile not found at /tmp/x56405i9/Humber/static/templates/overland/sfincs.dep
2024-09-03 14:48:02,788 - hydromt_sfincs.sfincs - sfincs - INFO - Model read
2024-09-03 15:01:57,480 - hydromt_sfincs.sfincs - model_api - INFO - Initializing sfincs model from hydromt_sfincs (v1.0.3).
2024-09-03 15:01:57,502 - hydromt_sfincs.sfincs - sfincs - WARNING - depfile not found at /tmp/g8zixn60/Humber/static/templates/overland/sfincs.dep
2024-09-03 15:02:00,300 - hydromt_sfincs.sfincs - sfincs - INFO - Model read
2024-09-03 15:20:56,664 - hydromt_sfincs.sfincs - model_api - INFO - Initializing sfincs model from hydromt_sfincs (v1.0.3).
2024-09-03 15:20:56,675 - hydromt_sfincs.sfincs - sfincs - WARNING - depfile not found at /tmp/56dn_40k/Humber/static/templates/overland/sfincs.dep
2024-09-03 15:20:58,064 - hydromt_sfincs.sfincs - sfincs - INFO - Model read
2024-09-03 15:32:49,054 - hydromt_sfincs.sfincs - model_api - INFO - Initializing sfincs model from hydromt_sfincs (v1.0.3).
2024-09-03 15:32:49,061 - hydromt_sfincs.sfincs - sfincs - WARNING - depfile not found at /tmp/0l0ifr9f/Humber/static/templates/overland/sfincs.dep
2024-09-03 15:32:50,481 - hydromt_sfincs.sfincs - sfincs - INFO - Model read
2024-09-03 15:32:58,597 - hydromt_sfincs.sfincs - model_api - INFO - Initializing sfincs model from hydromt_sfincs (v1.0.3).
2024-09-03 15:32:58,602 - hydromt_sfincs.sfincs - sfincs - WARNING - depfile not found at /tmp/tcogul2n/Humber/static/templates/overland/sfincs.dep
2024-09-03 15:33:02,831 - hydromt_sfincs.sfincs - sfincs - INFO - Model read
2024-09-03 15:33:39,319 - hydromt_sfincs.sfincs - model_api - INFO - Initializing sfincs model from hydromt_sfincs (v1.0.3).
2024-09-03 15:33:39,327 - hydromt_sfincs.sfincs - sfincs - WARNING - depfile not found at /tmp/x7a0tfif/Humber/static/templates/overland/sfincs.dep
2024-09-03 15:33:40,903 - hydromt_sfincs.sfincs - sfincs - INFO - Model read
2024-09-03 15:43:40,819 - hydromt_sfincs.sfincs - model_api - INFO - Initializing sfincs model from hydromt_sfincs (v1.0.3).
2024-09-03 15:43:40,824 - hydromt_sfincs.sfincs - sfincs - WARNING - depfile not found at /tmp/21dgry1g/Humber/static/templates/overland/sfincs.dep
2024-09-03 15:43:42,418 - hydromt_sfincs.sfincs - sfincs - INFO - Model read
2024-09-03 15:43:42,494 - hydromt_sfincs.sfincs - data_catalog - INFO - Parsing data catalog from /home/wotromp/InterTwin/Data/Humber/data_catalog.yml
2024-09-03 15:49:26,341 - hydromt_sfincs.sfincs - model_api - INFO - Initializing sfincs model from hydromt_sfincs (v1.0.3).
2024-09-03 15:49:26,349 - hydromt_sfincs.sfincs - sfincs - WARNING - depfile not found at /tmp/81yd_7of/Humber/static/templates/overland/sfincs.dep
2024-09-03 15:49:28,595 - hydromt_sfincs.sfincs - sfincs - INFO - Model read
2024-09-03 15:49:28,600 - hydromt_sfincs.sfincs - model_api - WARNING - Model dir already exists and files might be overwritten: /tmp/81yd_7of/Humber/output/scenarios/test_scenario/Flooding/simulations/overland/gis.
2024-09-03 15:49:37,060 - hydromt_sfincs.sfincs - model_api - INFO - Initializing sfincs model from hydromt_sfincs (v1.0.3).
2024-09-03 15:49:37,065 - hydromt_sfincs.sfincs - sfincs - WARNING - depfile not found at /tmp/wpd_tjmg/Humber/static/templates/overland/sfincs.dep
2024-09-03 15:49:38,615 - hydromt_sfincs.sfincs - sfincs - INFO - Model read
2024-09-03 15:49:59,952 - hydromt_sfincs.sfincs - model_api - INFO - Initializing sfincs model from hydromt_sfincs (v1.0.3).
2024-09-03 15:49:59,958 - hydromt_sfincs.sfincs - sfincs - WARNING - depfile not found at /tmp/vmjh7ijo/Humber/static/templates/overland/sfincs.dep
2024-09-03 15:50:01,537 - hydromt_sfincs.sfincs - sfincs - INFO - Model read
2024-09-03 15:51:30,045 - hydromt_sfincs.sfincs - model_api - INFO - Initializing sfincs model from hydromt_sfincs (v1.0.3).
2024-09-03 15:51:30,052 - hydromt_sfincs.sfincs - sfincs - WARNING - depfile not found at /tmp/32_14onv/Humber/static/templates/overland/sfincs.dep
2024-09-03 15:51:31,903 - hydromt_sfincs.sfincs - sfincs - INFO - Model read
2024-09-03 15:54:33,647 - hydromt_sfincs.sfincs - model_api - INFO - Initializing sfincs model from hydromt_sfincs (v1.0.3).
2024-09-03 15:54:33,657 - hydromt_sfincs.sfincs - sfincs - WARNING - depfile not found at /tmp/gruor0oe/Humber/static/templates/overland/sfincs.dep
2024-09-03 15:54:35,329 - hydromt_sfincs.sfincs - sfincs - INFO - Model read
2024-09-03 15:54:44,440 - hydromt_sfincs.sfincs - model_api - INFO - Initializing sfincs model from hydromt_sfincs (v1.0.3).
2024-09-03 15:54:44,446 - hydromt_sfincs.sfincs - sfincs - WARNING - depfile not found at /tmp/0p_3fkqa/Humber/static/templates/overland/sfincs.dep
2024-09-03 15:54:45,855 - hydromt_sfincs.sfincs - sfincs - INFO - Model read
2024-09-03 15:55:19,738 - hydromt_sfincs.sfincs - model_api - INFO - Initializing sfincs model from hydromt_sfincs (v1.0.3).
2024-09-03 15:55:19,750 - hydromt_sfincs.sfincs - sfincs - WARNING - depfile not found at /tmp/2mbjbxn5/Humber/static/templates/overland/sfincs.dep
2024-09-03 15:55:21,432 - hydromt_sfincs.sfincs - sfincs - INFO - Model read
2024-09-03 16:05:13,277 - hydromt_sfincs.sfincs - model_api - INFO - Initializing sfincs model from hydromt_sfincs (v1.0.3).
2024-09-03 16:05:13,281 - hydromt_sfincs.sfincs - sfincs - WARNING - depfile not found at /tmp/77cr6lxd/Humber/static/templates/overland/sfincs.dep
2024-09-03 16:05:15,086 - hydromt_sfincs.sfincs - sfincs - INFO - Model read
2024-09-03 16:05:15,168 - hydromt_sfincs.sfincs - data_catalog - INFO - Parsing data catalog from /home/wotromp/InterTwin/Data/Humber/data_catalog.yml
2024-09-03 16:10:44,161 - hydromt_sfincs.sfincs - model_api - INFO - Initializing sfincs model from hydromt_sfincs (v1.0.3).
2024-09-03 16:10:44,166 - hydromt_sfincs.sfincs - sfincs - WARNING - depfile not found at /tmp/64zq4h_8/Humber/static/templates/overland/sfincs.dep
2024-09-03 16:10:45,751 - hydromt_sfincs.sfincs - sfincs - INFO - Model read
2024-09-03 16:10:45,756 - hydromt_sfincs.sfincs - model_api - WARNING - Model dir already exists and files might be overwritten: /tmp/64zq4h_8/Humber/output/scenarios/test_scenario/Flooding/simulations/overland/gis.
2024-09-03 16:10:55,015 - hydromt_sfincs.sfincs - model_api - INFO - Initializing sfincs model from hydromt_sfincs (v1.0.3).
2024-09-03 16:10:55,019 - hydromt_sfincs.sfincs - sfincs - WARNING - depfile not found at /tmp/cxdenc7x/Humber/static/templates/overland/sfincs.dep
2024-09-03 16:10:56,838 - hydromt_sfincs.sfincs - sfincs - INFO - Model read
2024-09-03 16:11:19,302 - hydromt_sfincs.sfincs - model_api - INFO - Initializing sfincs model from hydromt_sfincs (v1.0.3).
2024-09-03 16:11:19,308 - hydromt_sfincs.sfincs - sfincs - WARNING - depfile not found at /tmp/rvb9l9xo/Humber/static/templates/overland/sfincs.dep
2024-09-03 16:11:20,897 - hydromt_sfincs.sfincs - sfincs - INFO - Model read
2024-09-03 16:14:33,510 - hydromt_sfincs.sfincs - model_api - INFO - Initializing sfincs model from hydromt_sfincs (v1.0.3).
2024-09-03 16:14:33,517 - hydromt_sfincs.sfincs - sfincs - WARNING - depfile not found at /tmp/futjyfi9/Humber/static/templates/overland/sfincs.dep
2024-09-03 16:14:35,395 - hydromt_sfincs.sfincs - sfincs - INFO - Model read
2024-09-03 16:14:41,485 - hydromt_sfincs.sfincs - model_api - INFO - Initializing sfincs model from hydromt_sfincs (v1.0.3).
2024-09-03 16:14:41,490 - hydromt_sfincs.sfincs - sfincs - WARNING - depfile not found at /tmp/kpr47_gn/Humber/static/templates/overland/sfincs.dep
2024-09-03 16:14:43,194 - hydromt_sfincs.sfincs - sfincs - INFO - Model read
2024-09-03 16:15:16,761 - hydromt_sfincs.sfincs - model_api - INFO - Initializing sfincs model from hydromt_sfincs (v1.0.3).
2024-09-03 16:15:16,774 - hydromt_sfincs.sfincs - sfincs - WARNING - depfile not found at /tmp/94l5rv8n/Humber/static/templates/overland/sfincs.dep
2024-09-03 16:15:18,827 - hydromt_sfincs.sfincs - sfincs - INFO - Model read
2024-09-03 16:25:21,060 - hydromt_sfincs.sfincs - model_api - INFO - Initializing sfincs model from hydromt_sfincs (v1.0.3).
2024-09-03 16:25:21,067 - hydromt_sfincs.sfincs - sfincs - WARNING - depfile not found at /tmp/u4c3xe0d/Humber/static/templates/overland/sfincs.dep
2024-09-03 16:25:22,758 - hydromt_sfincs.sfincs - sfincs - INFO - Model read
2024-09-03 16:25:22,856 - hydromt_sfincs.sfincs - data_catalog - INFO - Parsing data catalog from /home/wotromp/InterTwin/Data/Humber/data_catalog.yml
2024-09-03 16:30:54,307 - hydromt_sfincs.sfincs - model_api - INFO - Initializing sfincs model from hydromt_sfincs (v1.0.3).
2024-09-03 16:30:54,312 - hydromt_sfincs.sfincs - sfincs - WARNING - depfile not found at /tmp/2bbi6lb5/Humber/static/templates/overland/sfincs.dep
2024-09-03 16:30:55,669 - hydromt_sfincs.sfincs - sfincs - INFO - Model read
2024-09-03 16:30:55,672 - hydromt_sfincs.sfincs - model_api - WARNING - Model dir already exists and files might be overwritten: /tmp/2bbi6lb5/Humber/output/scenarios/test_scenario/Flooding/simulations/overland/gis.
2024-09-03 16:31:04,586 - hydromt_sfincs.sfincs - model_api - INFO - Initializing sfincs model from hydromt_sfincs (v1.0.3).
2024-09-03 16:31:04,592 - hydromt_sfincs.sfincs - sfincs - WARNING - depfile not found at /tmp/e05gnxxu/Humber/static/templates/overland/sfincs.dep
2024-09-03 16:31:06,605 - hydromt_sfincs.sfincs - sfincs - INFO - Model read
2024-09-03 16:31:27,334 - hydromt_sfincs.sfincs - model_api - INFO - Initializing sfincs model from hydromt_sfincs (v1.0.3).
2024-09-03 16:31:27,338 - hydromt_sfincs.sfincs - sfincs - WARNING - depfile not found at /tmp/4azpxaju/Humber/static/templates/overland/sfincs.dep
2024-09-03 16:31:28,681 - hydromt_sfincs.sfincs - sfincs - INFO - Model read
2024-09-03 16:34:15,323 - hydromt_sfincs.sfincs - model_api - INFO - Initializing sfincs model from hydromt_sfincs (v1.0.3).
2024-09-03 16:34:15,334 - hydromt_sfincs.sfincs - sfincs - WARNING - depfile not found at /tmp/_jo5d_75/Humber/static/templates/overland/sfincs.dep
2024-09-03 16:34:17,212 - hydromt_sfincs.sfincs - sfincs - INFO - Model read
2024-09-03 16:37:40,962 - hydromt_sfincs.sfincs - model_api - INFO - Initializing sfincs model from hydromt_sfincs (v1.0.3).
2024-09-03 16:37:40,981 - hydromt_sfincs.sfincs - sfincs - WARNING - depfile not found at /tmp/e3clkp_t/Humber/static/templates/overland/sfincs.dep
2024-09-03 16:37:43,669 - hydromt_sfincs.sfincs - sfincs - INFO - Model read
2024-09-05 09:12:52,421 - hydromt_sfincs.sfincs - model_api - INFO - Initializing sfincs model from hydromt_sfincs (v1.0.3).
2024-09-05 09:12:52,437 - hydromt_sfincs.sfincs - sfincs - WARNING - depfile not found at /tmp/670fltp5/Humber/static/templates/overland/sfincs.dep
2024-09-05 09:12:54,755 - hydromt_sfincs.sfincs - sfincs - INFO - Model read
2024-09-05 09:13:04,346 - hydromt_sfincs.sfincs - model_api - INFO - Initializing sfincs model from hydromt_sfincs (v1.0.3).
2024-09-05 09:13:04,352 - hydromt_sfincs.sfincs - sfincs - WARNING - depfile not found at /tmp/89zqx07r/Humber/static/templates/overland/sfincs.dep
2024-09-05 09:13:06,242 - hydromt_sfincs.sfincs - sfincs - INFO - Model read
2024-09-05 09:14:18,026 - hydromt_sfincs.sfincs - model_api - INFO - Initializing sfincs model from hydromt_sfincs (v1.0.3).
2024-09-05 09:14:18,068 - hydromt_sfincs.sfincs - sfincs - WARNING - depfile not found at /tmp/17e00ybt/Humber/static/templates/overland/sfincs.dep
2024-09-05 09:14:20,774 - hydromt_sfincs.sfincs - sfincs - INFO - Model read
2024-09-05 09:24:19,113 - hydromt_sfincs.sfincs - model_api - INFO - Initializing sfincs model from hydromt_sfincs (v1.0.3).
2024-09-05 09:24:19,118 - hydromt_sfincs.sfincs - sfincs - WARNING - depfile not found at /tmp/lz57b7hv/Humber/static/templates/overland/sfincs.dep
2024-09-05 09:24:20,834 - hydromt_sfincs.sfincs - sfincs - INFO - Model read
2024-09-05 09:24:20,960 - hydromt_sfincs.sfincs - data_catalog - INFO - Parsing data catalog from /home/wotromp/InterTwin/Data/Humber/data_catalog.yml
2024-09-05 09:29:39,502 - hydromt_sfincs.sfincs - model_api - INFO - Initializing sfincs model from hydromt_sfincs (v1.0.3).
2024-09-05 09:29:39,507 - hydromt_sfincs.sfincs - sfincs - WARNING - depfile not found at /tmp/oqdzocoj/Humber/static/templates/overland/sfincs.dep
2024-09-05 09:29:41,363 - hydromt_sfincs.sfincs - sfincs - INFO - Model read
2024-09-05 09:29:41,367 - hydromt_sfincs.sfincs - model_api - WARNING - Model dir already exists and files might be overwritten: /tmp/oqdzocoj/Humber/output/scenarios/test_scenario/Flooding/simulations/overland/gis.
2024-09-05 09:29:49,997 - hydromt_sfincs.sfincs - model_api - INFO - Initializing sfincs model from hydromt_sfincs (v1.0.3).
2024-09-05 09:29:50,001 - hydromt_sfincs.sfincs - sfincs - WARNING - depfile not found at /tmp/3i0mgk1u/Humber/static/templates/overland/sfincs.dep
2024-09-05 09:29:51,290 - hydromt_sfincs.sfincs - sfincs - INFO - Model read
2024-09-05 09:30:14,486 - hydromt_sfincs.sfincs - model_api - INFO - Initializing sfincs model from hydromt_sfincs (v1.0.3).
2024-09-05 09:30:14,493 - hydromt_sfincs.sfincs - sfincs - WARNING - depfile not found at /tmp/lwq3ir9_/Humber/static/templates/overland/sfincs.dep
2024-09-05 09:30:16,876 - hydromt_sfincs.sfincs - sfincs - INFO - Model read
2024-09-05 10:55:09,451 - hydromt_sfincs.sfincs - model_api - INFO - Initializing sfincs model from hydromt_sfincs (v1.0.3).
2024-09-05 10:55:09,472 - hydromt_sfincs.sfincs - sfincs - WARNING - depfile not found at /tmp/_zh8v580/Humber/static/templates/overland/sfincs.dep
2024-09-05 10:55:12,412 - hydromt_sfincs.sfincs - sfincs - INFO - Model read
2024-09-05 10:55:22,806 - hydromt_sfincs.sfincs - model_api - INFO - Initializing sfincs model from hydromt_sfincs (v1.0.3).
2024-09-05 10:55:22,811 - hydromt_sfincs.sfincs - sfincs - WARNING - depfile not found at /tmp/qqetgh2b/Humber/static/templates/overland/sfincs.dep
2024-09-05 10:55:24,676 - hydromt_sfincs.sfincs - sfincs - INFO - Model read
2024-09-05 10:56:15,276 - hydromt_sfincs.sfincs - model_api - INFO - Initializing sfincs model from hydromt_sfincs (v1.0.3).
2024-09-05 10:56:15,291 - hydromt_sfincs.sfincs - sfincs - WARNING - depfile not found at /tmp/2kdy3pse/Humber/static/templates/overland/sfincs.dep
2024-09-05 10:56:17,118 - hydromt_sfincs.sfincs - sfincs - INFO - Model read
2024-09-05 11:06:35,403 - hydromt_sfincs.sfincs - model_api - INFO - Initializing sfincs model from hydromt_sfincs (v1.0.3).
2024-09-05 11:06:35,407 - hydromt_sfincs.sfincs - sfincs - WARNING - depfile not found at /tmp/_b6j5dj8/Humber/static/templates/overland/sfincs.dep
2024-09-05 11:06:37,005 - hydromt_sfincs.sfincs - sfincs - INFO - Model read
2024-09-05 11:06:37,149 - hydromt_sfincs.sfincs - data_catalog - INFO - Parsing data catalog from /home/wotromp/InterTwin/Data/Humber/data_catalog.yml
2024-09-05 11:12:25,973 - hydromt_sfincs.sfincs - model_api - INFO - Initializing sfincs model from hydromt_sfincs (v1.0.3).
2024-09-05 11:12:25,978 - hydromt_sfincs.sfincs - sfincs - WARNING - depfile not found at /tmp/p74nffo2/Humber/static/templates/overland/sfincs.dep
2024-09-05 11:12:28,045 - hydromt_sfincs.sfincs - sfincs - INFO - Model read
2024-09-05 11:12:28,050 - hydromt_sfincs.sfincs - model_api - WARNING - Model dir already exists and files might be overwritten: /tmp/p74nffo2/Humber/output/scenarios/test_scenario/Flooding/simulations/overland/gis.
2024-09-05 11:12:37,654 - hydromt_sfincs.sfincs - model_api - INFO - Initializing sfincs model from hydromt_sfincs (v1.0.3).
2024-09-05 11:12:37,659 - hydromt_sfincs.sfincs - sfincs - WARNING - depfile not found at /tmp/fla4v615/Humber/static/templates/overland/sfincs.dep
2024-09-05 11:12:39,075 - hydromt_sfincs.sfincs - sfincs - INFO - Model read
2024-09-05 11:13:00,426 - hydromt_sfincs.sfincs - model_api - INFO - Initializing sfincs model from hydromt_sfincs (v1.0.3).
2024-09-05 11:13:00,433 - hydromt_sfincs.sfincs - sfincs - WARNING - depfile not found at /tmp/9f8b8ep6/Humber/static/templates/overland/sfincs.dep
2024-09-05 11:13:02,366 - hydromt_sfincs.sfincs - sfincs - INFO - Model read
2024-09-05 12:56:27,537 - hydromt_sfincs.sfincs - model_api - INFO - Initializing sfincs model from hydromt_sfincs (v1.0.3).
2024-09-05 12:56:27,585 - hydromt_sfincs.sfincs - sfincs - WARNING - depfile not found at /tmp/cm06q2mu/Humber/static/templates/overland/sfincs.dep
2024-09-05 12:56:30,296 - hydromt_sfincs.sfincs - sfincs - INFO - Model read
2024-09-05 12:56:38,109 - hydromt_sfincs.sfincs - model_api - INFO - Initializing sfincs model from hydromt_sfincs (v1.0.3).
2024-09-05 12:56:38,116 - hydromt_sfincs.sfincs - sfincs - WARNING - depfile not found at /tmp/podrt4ij/Humber/static/templates/overland/sfincs.dep
2024-09-05 12:56:39,835 - hydromt_sfincs.sfincs - sfincs - INFO - Model read
2024-09-05 12:57:21,042 - hydromt_sfincs.sfincs - model_api - INFO - Initializing sfincs model from hydromt_sfincs (v1.0.3).
2024-09-05 12:57:21,075 - hydromt_sfincs.sfincs - sfincs - WARNING - depfile not found at /tmp/z0cp3pgi/Humber/static/templates/overland/sfincs.dep
2024-09-05 12:57:23,620 - hydromt_sfincs.sfincs - sfincs - INFO - Model read
2024-09-05 13:09:00,787 - hydromt_sfincs.sfincs - model_api - INFO - Initializing sfincs model from hydromt_sfincs (v1.0.3).
2024-09-05 13:09:00,794 - hydromt_sfincs.sfincs - sfincs - WARNING - depfile not found at /tmp/qaihenzt/Humber/static/templates/overland/sfincs.dep
2024-09-05 13:09:03,057 - hydromt_sfincs.sfincs - sfincs - INFO - Model read
2024-09-05 13:09:03,215 - hydromt_sfincs.sfincs - data_catalog - INFO - Parsing data catalog from /home/wotromp/InterTwin/Data/Humber/data_catalog.yml
2024-09-05 13:14:47,646 - hydromt_sfincs.sfincs - model_api - INFO - Initializing sfincs model from hydromt_sfincs (v1.0.3).
2024-09-05 13:14:47,652 - hydromt_sfincs.sfincs - sfincs - WARNING - depfile not found at /tmp/b9dxgc2y/Humber/static/templates/overland/sfincs.dep
2024-09-05 13:14:49,528 - hydromt_sfincs.sfincs - sfincs - INFO - Model read
2024-09-05 13:14:49,534 - hydromt_sfincs.sfincs - model_api - WARNING - Model dir already exists and files might be overwritten: /tmp/b9dxgc2y/Humber/output/scenarios/test_scenario/Flooding/simulations/overland/gis.
2024-09-05 13:14:58,870 - hydromt_sfincs.sfincs - model_api - INFO - Initializing sfincs model from hydromt_sfincs (v1.0.3).
2024-09-05 13:14:58,876 - hydromt_sfincs.sfincs - sfincs - WARNING - depfile not found at /tmp/fqr7mfyw/Humber/static/templates/overland/sfincs.dep
2024-09-05 13:15:00,867 - hydromt_sfincs.sfincs - sfincs - INFO - Model read
2024-09-05 13:15:22,080 - hydromt_sfincs.sfincs - model_api - INFO - Initializing sfincs model from hydromt_sfincs (v1.0.3).
2024-09-05 13:15:22,084 - hydromt_sfincs.sfincs - sfincs - WARNING - depfile not found at /tmp/xx1rnti4/Humber/static/templates/overland/sfincs.dep
2024-09-05 13:15:23,894 - hydromt_sfincs.sfincs - sfincs - INFO - Model read
2024-09-05 14:27:33,621 - hydromt_sfincs.sfincs - model_api - INFO - Initializing sfincs model from hydromt_sfincs (v1.0.3).
2024-09-05 14:27:33,641 - hydromt_sfincs.sfincs - sfincs - WARNING - depfile not found at /tmp/itp4u8zr/Humber/static/templates/overland/sfincs.dep
2024-09-05 14:27:36,700 - hydromt_sfincs.sfincs - sfincs - INFO - Model read
2024-09-05 14:42:06,131 - hydromt_sfincs.sfincs - model_api - INFO - Initializing sfincs model from hydromt_sfincs (v1.0.3).
2024-09-05 14:42:06,147 - hydromt_sfincs.sfincs - sfincs - WARNING - depfile not found at /tmp/p0huzv4u/Humber/static/templates/overland/sfincs.dep
2024-09-05 14:42:08,550 - hydromt_sfincs.sfincs - sfincs - INFO - Model read
2024-09-05 14:42:19,548 - hydromt_sfincs.sfincs - model_api - INFO - Initializing sfincs model from hydromt_sfincs (v1.0.3).
2024-09-05 14:42:19,552 - hydromt_sfincs.sfincs - sfincs - WARNING - depfile not found at /tmp/jetaedvp/Humber/static/templates/overland/sfincs.dep
2024-09-05 14:42:21,640 - hydromt_sfincs.sfincs - sfincs - INFO - Model read
2024-09-05 14:43:16,593 - hydromt_sfincs.sfincs - model_api - INFO - Initializing sfincs model from hydromt_sfincs (v1.0.3).
2024-09-05 14:43:16,602 - hydromt_sfincs.sfincs - sfincs - WARNING - depfile not found at /tmp/78latjy4/Humber/static/templates/overland/sfincs.dep
2024-09-05 14:43:18,409 - hydromt_sfincs.sfincs - sfincs - INFO - Model read
2024-09-05 14:53:22,580 - hydromt_sfincs.sfincs - model_api - INFO - Initializing sfincs model from hydromt_sfincs (v1.0.3).
2024-09-05 14:53:22,586 - hydromt_sfincs.sfincs - sfincs - WARNING - depfile not found at /tmp/e1rjbr61/Humber/static/templates/overland/sfincs.dep
2024-09-05 14:53:24,369 - hydromt_sfincs.sfincs - sfincs - INFO - Model read
2024-09-05 14:53:24,492 - hydromt_sfincs.sfincs - model_api - INFO - Initializing sfincs model from hydromt_sfincs (v1.0.3).
2024-09-05 14:53:24,497 - hydromt_sfincs.sfincs - sfincs - WARNING - depfile not found at /tmp/e1rjbr61/Humber/output/scenarios/test_scenario/Flooding/simulations/overland/sfincs.dep
2024-09-05 14:53:27,065 - hydromt_sfincs.sfincs - sfincs - INFO - Model read
2024-09-05 14:53:27,970 - hydromt_sfincs.sfincs - rasterdataset - INFO - Reading era5_hourly netcdf data from /home/wotromp/InterTwin/Data/Humber/era5_hourly.nc
2024-09-05 14:53:28,214 - hydromt_sfincs.sfincs - sfincs - INFO - Write forcing files
2024-09-05 14:53:28,227 - hydromt_sfincs.sfincs - sfincs - INFO - Write vector file(s) for forcing.bzs to 'gis' subfolder
2024-09-05 14:53:28,255 - hydromt_sfincs.sfincs - sfincs - INFO - Write vector file(s) for forcing.dis to 'gis' subfolder
2024-09-05 14:59:05,747 - hydromt_sfincs.sfincs - model_api - INFO - Initializing sfincs model from hydromt_sfincs (v1.0.3).
2024-09-05 14:59:05,751 - hydromt_sfincs.sfincs - sfincs - WARNING - depfile not found at /tmp/koeirgb4/Humber/output/scenarios/test_scenario/Flooding/simulations/overland/sfincs.dep
2024-09-05 14:59:06,751 - hydromt_sfincs.sfincs - sfincs - WARNING - Index in bndfile does not match /tmp/koeirgb4/Humber/output/scenarios/test_scenario/Flooding/simulations/overland/gis/bnd.geojson
2024-09-05 14:59:06,767 - hydromt_sfincs.sfincs - sfincs - WARNING - Index in bndfile does not match /tmp/koeirgb4/Humber/output/scenarios/test_scenario/Flooding/simulations/overland/gis/bnd.geojson
2024-09-05 14:59:06,818 - hydromt_sfincs.sfincs - sfincs - INFO - Model read
2024-09-05 14:59:06,943 - hydromt_sfincs.sfincs - model_api - WARNING - Replacing result: inp
2024-09-05 14:59:06,943 - hydromt_sfincs.sfincs - model_api - WARNING - Replacing result: msk
2024-09-05 14:59:06,943 - hydromt_sfincs.sfincs - model_api - WARNING - Replacing result: qinf
2024-09-05 14:59:06,943 - hydromt_sfincs.sfincs - model_api - WARNING - Replacing result: zb
2024-09-05 14:59:06,943 - hydromt_sfincs.sfincs - model_api - WARNING - Replacing result: zs
2024-09-05 14:59:06,943 - hydromt_sfincs.sfincs - model_api - WARNING - Replacing result: zsmax
2024-09-05 14:59:06,943 - hydromt_sfincs.sfincs - model_api - WARNING - Replacing result: total_runtime
2024-09-05 14:59:06,944 - hydromt_sfincs.sfincs - model_api - WARNING - Replacing result: average_dt
2024-09-05 14:59:06,944 - hydromt_sfincs.sfincs - model_api - WARNING - Replacing result: status
2024-09-05 14:59:07,212 - hydromt_sfincs.sfincs - model_api - WARNING - Model dir already exists and files might be overwritten: /tmp/koeirgb4/Humber/output/scenarios/test_scenario/Flooding/simulations/overland/gis.
2024-09-05 14:59:07,212 - hydromt_sfincs.sfincs - model_api - INFO - Initializing sfincs model from hydromt_sfincs (v1.0.3).
2024-09-05 14:59:07,217 - hydromt_sfincs.sfincs - sfincs - WARNING - depfile not found at /tmp/koeirgb4/Humber/output/scenarios/test_scenario/Flooding/simulations/overland/sfincs.dep
2024-09-05 14:59:08,217 - hydromt_sfincs.sfincs - sfincs - WARNING - Index in bndfile does not match /tmp/koeirgb4/Humber/output/scenarios/test_scenario/Flooding/simulations/overland/gis/bnd.geojson
2024-09-05 14:59:08,234 - hydromt_sfincs.sfincs - sfincs - WARNING - Index in bndfile does not match /tmp/koeirgb4/Humber/output/scenarios/test_scenario/Flooding/simulations/overland/gis/bnd.geojson
2024-09-05 14:59:08,280 - hydromt_sfincs.sfincs - sfincs - INFO - Model read
2024-09-05 14:59:08,405 - hydromt_sfincs.sfincs - model_api - WARNING - Replacing result: inp
2024-09-05 14:59:08,405 - hydromt_sfincs.sfincs - model_api - WARNING - Replacing result: msk
2024-09-05 14:59:08,405 - hydromt_sfincs.sfincs - model_api - WARNING - Replacing result: qinf
2024-09-05 14:59:08,405 - hydromt_sfincs.sfincs - model_api - WARNING - Replacing result: zb
2024-09-05 14:59:08,405 - hydromt_sfincs.sfincs - model_api - WARNING - Replacing result: zs
2024-09-05 14:59:08,405 - hydromt_sfincs.sfincs - model_api - WARNING - Replacing result: zsmax
2024-09-05 14:59:08,405 - hydromt_sfincs.sfincs - model_api - WARNING - Replacing result: total_runtime
2024-09-05 14:59:08,405 - hydromt_sfincs.sfincs - model_api - WARNING - Replacing result: average_dt
2024-09-05 14:59:08,405 - hydromt_sfincs.sfincs - model_api - WARNING - Replacing result: status
2024-09-05 14:59:08,493 - hydromt_sfincs.sfincs - rasterdataset - INFO - Reading  raster data from /tmp/koeirgb4/Humber/static/dem/Humber_subgrid.tif
